✔ [70/203] Built Strata.DDM.Util.String (458ms)
✔ [71/203] Built Strata.DDM.Util.Decimal (531ms)
✔ [73/203] Built Strata.DDM.Util.Format (453ms)
✔ [79/203] Built Strata.DDM.TaggedRegions (881ms)
✔ [80/203] Built Strata.DDM.Util.DecimalRat (667ms)
✔ [84/203] Built Strata.Languages.Python.Specs.Decls (3.1s)
✔ [85/203] Built Strata.DDM.Util.Ion.Lean (1.8s)
✔ [86/203] Built Strata.DDM.AST (12s)
✔ [87/203] Built Strata.DDM.Elab.Env (276ms)
✔ [88/203] Built Strata.DL.Lambda.Factory (1.2s)
✔ [89/203] Built Strata.DDM.Integration.Lean.OfAstM (1.3s)
✔ [90/203] Built Strata.DDM.Integration.Categories (278ms)
✔ [91/203] Built Strata.DDM.HNF (419ms)
✔ [92/203] Built Strata.DDM.Integration.Lean.ToExpr (2.8s)
✔ [93/203] Built Strata.DL.Lambda.LState (783ms)
✔ [94/203] Built Strata.DDM.Format (4.2s)
✔ [95/203] Built Strata.DL.Lambda.TypeFactory (3.5s)
✔ [96/203] Built Strata.DDM.Parser (1.7s)
✔ [97/203] Built Strata.DDM.Elab.Tree (1.8s)
✔ [98/203] Built Strata.DL.Lambda.RecursiveAxioms (1.2s)
✔ [99/203] Built Strata.DDM.Elab.SyntaxElab (971ms)
✔ [100/203] Built Strata.DL.Lambda.LExprTypeEnv (3.3s)
✔ [101/203] Built Strata.DDM.Elab.LoadedDialects (616ms)
✔ [102/203] Built Strata.DL.Lambda.LExprEval (7.0s)
✔ [103/203] Built Strata.DL.Lambda.Reflect (1.3s)
✔ [104/203] Built Strata.Languages.Core.Identifiers (1.4s)
✔ [105/203] Built Strata.DDM.Elab.DeclM (1.6s)
✔ [106/203] Built Strata.DL.Lambda.LExprTypeSpec (2.4s)
✔ [107/203] Built Strata.DL.Lambda.Semantics (655ms)
✔ [108/203] Built Strata.DDM.BuiltinDialects.BuiltinM (422ms)
✔ [109/203] Built Strata.DL.Lambda.LExprT (3.3s)
✔ [110/203] Built Strata.DL.Lambda.FactoryWF (1.8s)
✔ [111/203] Built Strata.DL.Lambda.LExprType (664ms)
✔ [112/203] Built Strata.DDM.BuiltinDialects.Init (2.8s)
✔ [113/203] Built Strata.DL.Lambda.Lambda (842ms)
✔ [114/203] Built Strata.DDM.BuiltinDialects.StrataHeader (449ms)
✔ [115/203] Built Strata.DDM.Ion (16s)
✔ [116/203] Built Strata.DL.Lambda.IntBoolFactory (2.2s)
✔ [117/203] Built Strata.DDM.BuiltinDialects.StrataDDL (749ms)
✔ [118/203] Built Strata.Languages.Core.Expressions (1.1s)
✔ [119/203] Built Strata.Backends.CBMC.GOTO.LambdaToCProverGOTO (1.6s)
✔ [120/203] Built Strata.DDM.BuiltinDialects (280ms)
✔ [121/203] Built Strata.DDM.Integration.Java.Gen (1.5s)
✔ [122/203] Built Strata.DL.Lambda.Preconditions (1.0s)
✔ [123/203] Built Strata.DDM.Integration.Lean.Env (420ms)
✔ [124/203] Built Strata.Languages.Core.CmdType (1.3s)
✔ [125/203] Built Strata.Languages.Core.Factory (5.5s)
✔ [126/203] Built Strata.DDM.Elab.Core (12s)
✔ [127/203] Built Strata.Languages.Python.Regex.ReToCore (1.4s)
✔ [128/203] Built Strata.DDM.Integration.Lean.Gen (6.6s)
✔ [129/203] Built Strata.Languages.Core.Statement (3.0s)
✔ [130/203] Built Strata.Languages.Core.Axiom (1.0s)
✔ [131/203] Built Strata.Languages.Core.TypeDecl (1.1s)
✔ [132/203] Built Strata.Languages.Core.CoreGen (1.2s)
✔ [133/203] Built Strata.Languages.Core.Function (853ms)
✔ [134/203] Built Strata.Languages.Core.Procedure (1.3s)
✔ [135/203] Built Strata.DDM.Elab.DialectM (6.4s)
✔ [136/203] Built Strata.Languages.Core.StatementSemantics (1.5s)
✔ [137/203] Built Strata.DDM.Elab (1.2s)
✔ [138/203] Built Strata.Languages.Core.Program (2.4s)
✔ [139/203] Built Strata.Util.IO (585ms)
✔ [140/203] Built Strata.DDM.Integration.Lean.HashCommands (1.1s)
✔ [141/203] Built Strata.Languages.Laurel.Laurel (3.7s)
✔ [142/203] Built Strata.Languages.Core.FunctionType (1.4s)
✔ [143/203] Built Strata.Languages.Core.WF (1.1s)
✔ [144/203] Built Strata.DDM.Integration.Lean (400ms)
✔ [145/203] Built Strata.Languages.Core.CallGraph (1.3s)
✔ [146/203] Built Strata.Languages.Core.Env (1.6s)
✔ [147/203] Built Strata.Languages.Python.Specs.ToLaurel (1.7s)
✔ [148/203] Built Strata.Languages.Laurel.EliminateReturnsInExpression (1.8s)
✔ [149/203] Built Strata.Languages.Laurel.LaurelFormat (4.8s)
✔ [150/203] Built Strata.Languages.Python.Specs.DDM (9.7s)
✔ [151/203] Built Strata.Languages.Core.StatementType (10s)
✔ [152/203] Built Strata.Languages.Laurel.Grammar.LaurelGrammar (1.2s)
✔ [153/203] Built Strata.Transform.CoreTransform (2.3s)
✔ [154/203] Built Strata.Languages.Core.CmdEval (1.6s)
✔ [155/203] Built Strata.Languages.Laurel.Resolution (14s)
⚠ [156/203] Built Strata.Languages.Core.StatementWF (5.2s)
warning: Strata/Languages/Core/StatementWF.lean:36:8: declaration uses 'sorry'
✔ [157/203] Built Strata.Languages.Core.ProcedureType (1.5s)
✔ [158/203] Built Strata.Languages.Core.DDMTransform.Grammar (37s)
✔ [159/203] Built Strata.Languages.Laurel.Grammar.ConcreteToAbstractTreeTranslator (3.1s)
✔ [160/203] Built Strata.Transform.PrecondElim (2.2s)
✔ [161/203] Built Strata.Transform.FilterProcedures (1.1s)
✔ [162/203] Built Strata.Transform.CallElim (1.2s)
✔ [163/203] Built Strata.DL.SMT.DDMTransform.Parse (30s)
✔ [164/203] Built Strata.Languages.Core.ProgramType (1.8s)
✔ [165/203] Built Strata.Languages.Laurel.LaurelTypes (2.0s)
⚠ [166/203] Built Strata.Languages.Core.ProcedureWF (1.2s)
warning: Strata/Languages/Core/ProcedureWF.lean:32:8: declaration uses 'sorry'
✔ [167/203] Built Strata.Languages.Core.StatementEval (4.1s)
✔ [168/203] Built Strata.Languages.Laurel.CoreDefinitionsForLaurel (1.0s)
✔ [169/203] Built Strata.Languages.Laurel.HeapParameterizationConstants (1.2s)
✔ [170/203] Built Strata.DL.SMT.DDMTransform.Translate (2.0s)
✔ [171/203] Built Strata.Languages.Core.DDMTransform.ASTtoCST (4.9s)
✔ [172/203] Built Strata.Languages.Core.ProcedureEval (1.4s)
✔ [173/203] Built Strata.Languages.Laurel.TypeHierarchy (4.6s)
✔ [174/203] Built Strata.Languages.Python.PythonDialect (47s)
✔ [175/203] Built Strata.DL.SMT.Solver (1.3s)
✔ [176/203] Built Strata.Languages.Core.ProgramEval (1.2s)
✔ [177/203] Built Strata.Languages.Python.ReadPython (1.7s)
✔ [178/203] Built Strata.DL.SMT.Encoder (2.1s)
✔ [179/203] Built Strata.Languages.Core.Core (1.2s)
✔ [180/203] Built Strata.DL.SMT.SMT (759ms)
✔ [181/203] Built Strata.Languages.Laurel.HeapParameterization (8.4s)
✔ [182/203] Built Strata.Languages.Python.FunctionSignatures (1.6s)
⚠ [183/203] Built Strata.Languages.Core.ProgramWF (12s)
warning: Strata/Languages/Core/ProgramWF.lean:248:8: declaration uses 'sorry'
✔ [184/203] Built Strata.DL.Imperative.SMTUtils (1.0s)
✔ [185/203] Built Strata.Languages.Core.DDMTransform.Translate (6.7s)
✔ [186/203] Built Strata.DL.Imperative.Imperative (811ms)
✔ [187/203] Built Strata.Transform.ProcedureInlining (3.5s)
✔ [188/203] Built Strata.DL.Imperative.ToCProverGOTO (1.6s)
✔ [189/203] Built Strata.Languages.Python.Specs (10s)
✔ [190/203] Built Strata.Languages.Core.SMTEncoder (4.9s)
✔ [191/203] Built Strata.Languages.Core.Verifier (1.8s)
✔ [192/203] Built Strata.Languages.Laurel.ModifiesClauses (1.2s)
✔ [193/203] Built Strata.Backends.CBMC.GOTO.CoreToCProverGOTO (1.7s)
✔ [194/203] Built Strata.Languages.Python.PyFactory (1.3s)
✔ [195/203] Built Strata.Languages.Python.CorePrelude (2.5s)
✔ [196/203] Built Strata.Languages.Core.SarifOutput (1.2s)
✔ [197/203] Built Strata.Languages.Laurel.LiftImperativeExpressions (4.4s)
✔ [198/203] Built Strata.Languages.Python.PythonToCore (4.7s)
✔ [199/203] Built Strata.Languages.Laurel.LaurelToCoreTranslator (4.3s)
✔ [200/203] Built Strata.Languages.Python.PythonToLaurel (2.5s)
✔ [201/203] Built Strata.Languages.Python.Python (870ms)
✔ [202/203] Built Strata.SimpleAPI (1.1s)
✔ [203/203] Built StrataMain (5.8s)
Build completed successfully (203 jobs).
